手动平板闸阀 油田专用平板闸阀 平板闸阀 
天然气平板闸阀 进口平板闸阀 电动推杆平板闸阀 
油田平板闸阀 手动单向平板闸阀 z43平板闸阀 
api6d平板闸阀 美标平板闸阀 干灰平板闸阀 
防爆电动有导流孔平板闸阀 管线用钢制平板闸阀 电液动平板闸阀 
z943f电动平板闸阀 自动补尝平衡式双平板闸阀 z43hx铸钢平板闸阀 
电动平板闸阀 钢制平板闸阀 膨胀式平板闸阀 
方圆平板闸阀 pff平板闸阀 低压平板闸阀 
双平板闸阀 伞齿轮平板闸阀 焊接平板闸阀 
单向平板闸阀 什么是平板闸阀 埋地式平板闸阀 
有导流孔平板闸阀 防爆电动平板闸阀 暗杆平板闸阀 
埋地平板闸阀 无摩擦密封平板闸阀 电液推杆平板闸阀 
对焊平板闸阀 防盗平板闸阀 z63y焊接平板闸阀 
导流平板闸阀 调节型平板闸阀 电液动推杆平板闸阀 
进口电动平板闸阀 轻型平板闸阀 抗硫平板闸阀 
刀型平板闸阀 金属密封平板闸阀 z43y导流孔平板闸阀 
z43wf平板闸阀 平衡式平板闸阀 灰渣平板闸阀 
自动补偿平衡式双平板闸阀 锻钢平板闸阀 铸钢平板闸阀 
不锈钢平板闸阀 气动推杆平板闸阀 导流孔平板闸阀 
液动平板闸阀 硬密封平板闸阀 手动轻型平板闸阀 
双闸板平板闸阀 自密封平板闸阀 手动单双向平板闸阀 
撑开式平板闸阀 气动平板闸阀 浙江平板闸阀 
高温平板闸阀 api6a平板闸阀 全通径平板闸阀 
